<?xml version="1.0" encoding="UTF-8"?>
<testsuite xmlns:xsi="http://www.w3.org/2001/XMLSchema-instance" xsi:schemaLocation="https://maven.apache.org/surefire/maven-surefire-plugin/xsd/surefire-test-report.xsd" name="Runner.TestRunner" time="1.444" tests="1" errors="0" skipped="0" failures="1">
  <properties>
    <property name="java.runtime.name" value="Java(TM) SE Runtime Environment"/>
    <property name="java.vm.version" value="12.0.1+12"/>
    <property name="sun.boot.library.path" value="C:\Program Files\Java\jdk-12.0.1\bin"/>
    <property name="maven.multiModuleProjectDirectory" value="C:\eclipse-workspace\PriceCompare"/>
    <property name="java.vm.vendor" value="Oracle Corporation"/>
    <property name="java.vendor.url" value="https://java.oracle.com/"/>
    <property name="guice.disable.misplaced.annotation.check" value="true"/>
    <property name="path.separator" value=";"/>
    <property name="java.vm.name" value="Java HotSpot(TM) 64-Bit Server VM"/>
    <property name="sun.os.patch.level" value=""/>
    <property name="user.script" value=""/>
    <property name="user.country" value="IN"/>
    <property name="sun.java.launcher" value="SUN_STANDARD"/>
    <property name="java.vm.specification.name" value="Java Virtual Machine Specification"/>
    <property name="user.dir" value="C:\eclipse-workspace\PriceCompare"/>
    <property name="java.vm.compressedOopsMode" value="Zero based"/>
    <property name="java.runtime.version" value="12.0.1+12"/>
    <property name="java.awt.graphicsenv" value="sun.awt.Win32GraphicsEnvironment"/>
    <property name="os.arch" value="amd64"/>
    <property name="java.io.tmpdir" value="C:\Users\91988\AppData\Local\Temp\"/>
    <property name="line.separator" value="&#10;"/>
    <property name="java.vm.specification.vendor" value="Oracle Corporation"/>
    <property name="user.variant" value=""/>
    <property name="os.name" value="Windows 10"/>
    <property name="classworlds.conf" value="C:\eclipse-workspace\.metadata\.plugins\org.eclipse.m2e.launching\launches\m2conf18144422807599422360.tmp"/>
    <property name="sun.jnu.encoding" value="Cp1252"/>
    <property name="java.library.path" value="C:\Program Files\Java\jdk-12.0.1\bin;C:\WINDOWS\Sun\Java\bin;C:\WINDOWS\system32;C:\WINDOWS;C:/Program Files/Java/jdk-12.0.1/bin/server;C:/Program Files/Java/jdk-12.0.1/bin;C:\Program Files (x86)\Common Files\Oracle\Java\javapath;C:\Program Files (x86)\Intel\Intel(R) Management Engine Components\iCLS\;C:\Program Files\Intel\Intel(R) Management Engine Components\iCLS\;C:\windows\system32;C:\windows;C:\windows\System32\Wbem;C:\windows\System32\WindowsPowerShell\v1.0\;C:\Program Files (x86)\Intel\Intel(R) Management Engine Components\DAL;C:\Program Files\Intel\Intel(R) Management Engine Components\DAL;C:\Program Files (x86)\Intel\Intel(R) Management Engine Components\IPT;C:\Program Files\Intel\Intel(R) Management Engine Components\IPT;C:\Program Files (x86)\NVIDIA Corporation\PhysX\Common;C:\apache-maven-3.6.1\bin;C:\Program Files\Git\cmd;C:\Program Files\Java\jdk-12.0.2;;%SystemRoot%\system32;%SystemRoot%;%SystemRoot%\System32\Wbem;%SYSTEMROOT%\System32\WindowsPowerShell\v1.0\;%SYSTEMROOT%\System32\OpenSSH\;C:\Program Files\MySQL\MySQL Shell 8.0\bin\;C:\Users\91988\AppData\Local\Microsoft\WindowsApps;C:\Users\91988\AppData\Local\GitHubDesktop\bin;C:\Users\91988\AppData\Local\Microsoft\WindowsApps;;C:\Users\91988\Desktop;;."/>
    <property name="jdk.debug" value="release"/>
    <property name="java.class.version" value="56.0"/>
    <property name="java.specification.name" value="Java Platform API Specification"/>
    <property name="sun.management.compiler" value="HotSpot 64-Bit Tiered Compilers"/>
    <property name="os.version" value="10.0"/>
    <property name="user.home" value="C:\Users\91988"/>
    <property name="user.timezone" value="Europe/London"/>
    <property name="file.encoding" value="Cp1252"/>
    <property name="java.specification.version" value="12"/>
    <property name="user.name" value="Monalika"/>
    <property name="java.class.path" value="C:\Users\91988\.p2\pool\plugins\org.eclipse.m2e.maven.runtime_1.12.0.20190529-1915\jars\plexus-classworlds-2.6.0.jar"/>
    <property name="java.vm.specification.version" value="12"/>
    <property name="sun.arch.data.model" value="64"/>
    <property name="sun.java.command" value="org.codehaus.plexus.classworlds.launcher.Launcher -B clean install"/>
    <property name="java.home" value="C:\Program Files\Java\jdk-12.0.1"/>
    <property name="user.language" value="en"/>
    <property name="java.specification.vendor" value="Oracle Corporation"/>
    <property name="awt.toolkit" value="sun.awt.windows.WToolkit"/>
    <property name="java.vm.info" value="mixed mode, sharing"/>
    <property name="java.version" value="12.0.1"/>
    <property name="java.vendor" value="Oracle Corporation"/>
    <property name="maven.home" value="C:\eclipse-workspace\PriceCompare\EMBEDDED"/>
    <property name="file.separator" value="\"/>
    <property name="java.version.date" value="2019-04-16"/>
    <property name="java.vendor.url.bug" value="https://bugreport.java.com/bugreport/"/>
    <property name="sun.io.unicode.encoding" value="UnicodeLittle"/>
    <property name="sun.cpu.endian" value="little"/>
    <property name="sun.desktop" value="windows"/>
    <property name="sun.cpu.isalist" value="amd64"/>
  </properties>
  <testcase name="feature" classname="Runner.TestRunner" time="0.348">
    <failure message="java.lang.IllegalStateException: The driver executable does not exist: C:\eclipse-workspace\PriceCompare\src\test\resources\chromedriver.exe" type="cucumber.runtime.CucumberException">cucumber.runtime.CucumberException: java.lang.IllegalStateException: The driver executable does not exist: C:\eclipse-workspace\PriceCompare\src\test\resources\chromedriver.exe
Caused by: java.lang.IllegalStateException: The driver executable does not exist: C:\eclipse-workspace\PriceCompare\src\test\resources\chromedriver.exe
</failure>
    <system-out><![CDATA[Feature: iPhone XR (64GB) - Yellow price comparision
  I want to comapre iPhone XR (64GB) - Yellow price in Amazon and Flipkart

  @runTest
  Scenario: iPhone XR (64GB) - Yellow price comparision                 &amp#27;[90m# PriceCompare.feature:5&amp#27;[0m
    &amp#27;[31mGiven &amp#27;[0m&amp#27;[31mUser opens browser&amp#27;[0m                                            &amp#27;[90m# priceComp.user_opens_browser()&amp#27;[0m
      &amp#27;[31mjava.lang.IllegalStateException: The driver executable does not exist: C:\eclipse-workspace\PriceCompare\src\test\resources\chromedriver.exe
      	at com.google.common.base.Preconditions.checkState(Preconditions.java:588)
      	at org.openqa.selenium.remote.service.DriverService.checkExecutable(DriverService.java:137)
      	at org.openqa.selenium.remote.service.DriverService.findExecutable(DriverService.java:132)
      	at org.openqa.selenium.chrome.ChromeDriverService.access$000(ChromeDriverService.java:35)
      	at org.openqa.selenium.chrome.ChromeDriverService$Builder.findDefaultExecutable(ChromeDriverService.java:156)
      	at org.openqa.selenium.remote.service.DriverService$Builder.build(DriverService.java:346)
      	at org.openqa.selenium.chrome.ChromeDriverService.createDefaultService(ChromeDriverService.java:91)
      	at org.openqa.selenium.chrome.ChromeDriver.<init>(ChromeDriver.java:123)
      	at StepDef.priceComp.user_opens_browser(priceComp.java:23)
      	at ?.Given User opens browser(PriceCompare.feature:6)
      &amp#27;[0m
    &amp#27;[36mAnd &amp#27;[0m&amp#27;[36mnavigates to amazon&amp#27;[0m                                             &amp#27;[90m# priceComp.navigates_to_https_www_amazon_in()&amp#27;[0m
    &amp#27;[36mWhen &amp#27;[0m&amp#27;[36mpage is loaded, searches for iPhone XR 64GB Yellow in amazon&amp#27;[0m   &amp#27;[90m# priceComp.page_is_loaded_search_for_iPhone_XR_64GB_Yellow_in_amazon()&amp#27;[0m
    &amp#27;[36mAnd &amp#27;[0m&amp#27;[36mSelect the matching iPhone once list appears in amazon&amp#27;[0m          &amp#27;[90m# priceComp.select_the_matching_iPhone_once_list_appears_in_amazon()&amp#27;[0m
    &amp#27;[36mAnd &amp#27;[0m&amp#27;[36mGets the price of the selected iPhone&amp#27;[0m                           &amp#27;[90m# priceComp.gets_the_price_of_the_selected_iPhone()&amp#27;[0m
    &amp#27;[36mThen &amp#27;[0m&amp#27;[36mnavigates to flipkart&amp#27;[0m                                          &amp#27;[90m# priceComp.navigates_to_https_www_flipkart_com()&amp#27;[0m
    &amp#27;[36mWhen &amp#27;[0m&amp#27;[36mpage is loaded, searches for iPhone XR 64GB Yellow in flipkart&amp#27;[0m &amp#27;[90m# priceComp.page_is_loaded_search_for_iPhone_XR_64GB_Yellow_in_flipkart()&amp#27;[0m
    &amp#27;[36mAnd &amp#27;[0m&amp#27;[36mSelect the matching iPhone once list appears in flipkart&amp#27;[0m        &amp#27;[90m# priceComp.select_the_matching_iPhone_once_list_appears_in_flipkart()&amp#27;[0m
    &amp#27;[36mAnd &amp#27;[0m&amp#27;[36mGets the price of the selected iPhone&amp#27;[0m                           &amp#27;[90m# priceComp.gets_the_price_of_the_selected_iPhone()&amp#27;[0m
    &amp#27;[36mAnd &amp#27;[0m&amp#27;[36mfind which website has lesser value&amp#27;[0m                             &amp#27;[90m# priceComp.compares_the_price_on_both_the_website()&amp#27;[0m
]]></system-out>
  </testcase>
</testsuite>